Build started 09/07/2014 13:14:26.
     1>Project "C:\Users\joshua.griffith\documents\visual studio 2010\Projects\NamedPipe\NamedPipe\NamedPipe.vcxproj" on node 2 (build target(s)).
     1>InitializeBuildStatus:
         Creating "Debug\NamedPipe.unsuccessfulbuild" because "AlwaysCreate" was specified.
       ClCompile:
         All outputs are up-to-date.
         C:\Program Files (x86)\Microsoft Visual Studio 10.0\VC\bin\CL.exe /c /ZI /nologo /W3 /WX- /Od /Oy- /D WIN32 /D _DEBUG /D _CONSOLE /D _UNICODE /D UNICODE /Gm /EHsc /RTC1 /MDd /GS /fp:precise /Zc:wchar_t /Zc:forScope /Yu"StdAfx.h" /Fp"Debug\NamedPipe.pch" /Fo"Debug\\" /Fd"Debug\vc100.pdb" /Gd /TP /analyze- /errorReport:prompt NamedPipe.cpp
         NamedPipe.cpp
     1>c:\program files (x86)\microsoft visual studio 10.0\vc\include\cstdio(48): warning C4995: 'gets': name was marked as #pragma deprecated
     1>c:\program files (x86)\microsoft visual studio 10.0\vc\include\cstdio(52): warning C4995: 'sprintf': name was marked as #pragma deprecated
     1>c:\program files (x86)\microsoft visual studio 10.0\vc\include\cstdio(55): warning C4995: 'vsprintf': name was marked as #pragma deprecated
     1>c:\program files (x86)\microsoft visual studio 10.0\vc\include\cstring(21): warning C4995: 'strcat': name was marked as #pragma deprecated
     1>c:\program files (x86)\microsoft visual studio 10.0\vc\include\cstring(22): warning C4995: 'strcpy': name was marked as #pragma deprecated
     1>c:\program files (x86)\microsoft visual studio 10.0\vc\include\cwchar(30): warning C4995: 'swprintf': name was marked as #pragma deprecated
     1>c:\program files (x86)\microsoft visual studio 10.0\vc\include\cwchar(31): warning C4995: 'vswprintf': name was marked as #pragma deprecated
     1>c:\program files (x86)\microsoft visual studio 10.0\vc\include\cwchar(33): warning C4995: 'wcscat': name was marked as #pragma deprecated
     1>c:\program files (x86)\microsoft visual studio 10.0\vc\include\cwchar(35): warning C4995: 'wcscpy': name was marked as #pragma deprecated
       ManifestResourceCompile:
         All outputs are up-to-date.
       Link:
         C:\Program Files (x86)\Microsoft Visual Studio 10.0\VC\bin\link.exe /ERRORREPORT:PROMPT /OUT:"C:\Users\joshua.griffith\documents\visual studio 2010\Projects\NamedPipe\Debug\NamedPipe.exe" /INCREMENTAL /NOLOGO kernel32.lib user32.lib gdi32.lib winspool.lib comdlg32.lib advapi32.lib shell32.lib ole32.lib oleaut32.lib uuid.lib odbc32.lib odbccp32.lib /MANIFEST /ManifestFile:"Debug\NamedPipe.exe.intermediate.manifest" /MANIFESTUAC:"level='asInvoker' uiAccess='false'" /DEBUG /PDB:"C:\Users\joshua.griffith\documents\visual studio 2010\Projects\NamedPipe\Debug\NamedPipe.pdb" /SUBSYSTEM:CONSOLE /TLBID:1 /DYNAMICBASE /NXCOMPAT /IMPLIB:"C:\Users\joshua.griffith\documents\visual studio 2010\Projects\NamedPipe\Debug\NamedPipe.lib" /MACHINE:X86 Debug\NamedPipe.exe.embed.manifest.res
         Debug\NamedPipe.obj
         Debug\stdafx.obj
       Manifest:
         C:\Program Files (x86)\Microsoft SDKs\Windows\v7.0A\bin\mt.exe /nologo /verbose /out:"Debug\NamedPipe.exe.embed.manifest" /manifest Debug\NamedPipe.exe.intermediate.manifest
         All outputs are up-to-date.
       LinkEmbedManifest:
         All outputs are up-to-date.
         NamedPipe.vcxproj -> C:\Users\joshua.griffith\documents\visual studio 2010\Projects\NamedPipe\Debug\NamedPipe.exe
       FinalizeBuildStatus:
         Deleting file "Debug\NamedPipe.unsuccessfulbuild".
         Touching "Debug\NamedPipe.lastbuildstate".
     1>Done Building Project "C:\Users\joshua.griffith\documents\visual studio 2010\Projects\NamedPipe\NamedPipe\NamedPipe.vcxproj" (build target(s)).

Build succeeded.

Time Elapsed 00:00:01.27
